<?xml version="1.0" encoding="UTF-8"?>
<!-- Generated by org.testng.reporters.JUnitXMLReporter -->
<testsuite ignored="3" hostname="Mys-MacBook-Air.local" failures="0" tests="2" name="Test" time="0.047" errors="0" timestamp="09 Jul 2019 07:55:51 GMT">
  <testcase classname="info.aripov.selenium.RevenueTest" name="Test1" time="0.009"/>
  <testcase classname="info.aripov.selenium.CostOfSalesTest" name="BTest2" time="0.0"/>
  <testcase classname="info.aripov.selenium.RevenueTest" name="Test2" time="0.0">
    <ignored/>
  </testcase> <!-- Test2 -->
  <testcase classname="info.aripov.selenium.CostOfSalesTest" name="Test1" time="0.0">
    <ignored/>
  </testcase> <!-- Test1 -->
  <testcase classname="info.aripov.selenium.CostOfSalesTest" name="ATest2" time="0.0">
    <ignored/>
  </testcase> <!-- ATest2 -->
</testsuite> <!-- Test -->
